<?xml version="1.0" encoding="UTF-8"?>
<testng-results skipped="0" failed="0" total="2" passed="2">
  <reporter-output>
  </reporter-output>
  <suite name="Default suite" duration-ms="46169" started-at="2020-04-28T13:10:46Z" finished-at="2020-04-28T13:11:32Z">
    <groups>
    </groups>
    <test name="Default test" duration-ms="46169" started-at="2020-04-28T13:10:46Z" finished-at="2020-04-28T13:11:32Z">
      <class name="com.test.dice.Testcases.Sample">
        <test-method status="PASS" signature="setUp()[pri:0, instance:com.test.dice.Testcases.Sample@c038203]" name="setUp" is-config="true" duration-ms="46056" started-at="2020-04-28T18:40:46Z" finished-at="2020-04-28T18:41:32Z">
          <reporter-output>
          </reporter-output>
        </test-method> <!-- setUp -->
        <test-method status="PASS" signature="view()[pri:0, instance:com.test.dice.Testcases.Sample@c038203]" name="view" is-config="true" duration-ms="6" started-at="2020-04-28T18:41:32Z" finished-at="2020-04-28T18:41:32Z">
          <reporter-output>
          </reporter-output>
        </test-method> <!-- view -->
        <test-method status="PASS" signature="print()[pri:0, instance:com.test.dice.Testcases.Sample@c038203]" name="print" duration-ms="33" started-at="2020-04-28T18:41:32Z" finished-at="2020-04-28T18:41:32Z">
          <reporter-output>
          </reporter-output>
        </test-method> <!-- print -->
        <test-method status="PASS" signature="AM()[pri:0, instance:com.test.dice.Testcases.Sample@c038203]" name="AM" is-config="true" duration-ms="0" started-at="2020-04-28T18:41:32Z" finished-at="2020-04-28T18:41:32Z">
          <reporter-output>
          </reporter-output>
        </test-method> <!-- AM -->
        <test-method status="PASS" signature="s()[pri:0, instance:com.test.dice.Testcases.Sample@c038203]" name="s" duration-ms="5" started-at="2020-04-28T18:41:32Z" finished-at="2020-04-28T18:41:32Z">
          <reporter-output>
          </reporter-output>
        </test-method> <!-- s -->
        <test-method status="PASS" signature="view()[pri:0, instance:com.test.dice.Testcases.Sample@c038203]" name="view" is-config="true" duration-ms="0" started-at="2020-04-28T18:41:32Z" finished-at="2020-04-28T18:41:32Z">
          <reporter-output>
          </reporter-output>
        </test-method> <!-- view -->
        <test-method status="PASS" signature="AM()[pri:0, instance:com.test.dice.Testcases.Sample@c038203]" name="AM" is-config="true" duration-ms="0" started-at="2020-04-28T18:41:32Z" finished-at="2020-04-28T18:41:32Z">
          <reporter-output>
          </reporter-output>
        </test-method> <!-- AM -->
      </class> <!-- com.test.dice.Testcases.Sample -->
    </test> <!-- Default test -->
  </suite> <!-- Default suite -->
</testng-results>
